mode: set
github.com/Sal-maa/E-Commerce-Project/service/cart_service.go:23.66,25.2 1 1
github.com/Sal-maa/E-Commerce-Project/service/cart_service.go:27.99,38.2 9 1
github.com/Sal-maa/E-Commerce-Project/service/cart_service.go:40.85,43.2 2 1
github.com/Sal-maa/E-Commerce-Project/service/cart_service.go:45.71,48.2 2 1
github.com/Sal-maa/E-Commerce-Project/service/cart_service.go:50.83,52.16 2 1
github.com/Sal-maa/E-Commerce-Project/service/cart_service.go:56.2,56.35 1 1
github.com/Sal-maa/E-Commerce-Project/service/cart_service.go:60.2,63.24 3 0
github.com/Sal-maa/E-Commerce-Project/service/cart_service.go:52.16,54.3 1 1
github.com/Sal-maa/E-Commerce-Project/service/cart_service.go:56.35,58.3 1 1
github.com/Sal-maa/E-Commerce-Project/service/cart_service.go:66.105,68.16 2 1
github.com/Sal-maa/E-Commerce-Project/service/cart_service.go:72.2,72.42 1 1
github.com/Sal-maa/E-Commerce-Project/service/cart_service.go:76.2,82.16 6 1
github.com/Sal-maa/E-Commerce-Project/service/cart_service.go:85.2,85.24 1 0
github.com/Sal-maa/E-Commerce-Project/service/cart_service.go:68.16,70.3 1 1
github.com/Sal-maa/E-Commerce-Project/service/cart_service.go:72.42,75.3 2 0
github.com/Sal-maa/E-Commerce-Project/service/cart_service.go:82.16,84.3 1 1
github.com/Sal-maa/E-Commerce-Project/service/order_service.go:22.69,24.2 1 1
github.com/Sal-maa/E-Commerce-Project/service/order_service.go:26.104,65.39 24 1
github.com/Sal-maa/E-Commerce-Project/service/order_service.go:72.2,72.24 1 0
github.com/Sal-maa/E-Commerce-Project/service/order_service.go:65.39,68.22 3 1
github.com/Sal-maa/E-Commerce-Project/service/order_service.go:68.22,70.4 1 1
github.com/Sal-maa/E-Commerce-Project/service/order_service.go:75.111,83.2 6 1
github.com/Sal-maa/E-Commerce-Project/service/order_service.go:85.72,88.2 2 1
github.com/Sal-maa/E-Commerce-Project/service/order_service.go:90.87,93.2 2 1
github.com/Sal-maa/E-Commerce-Project/service/product_service.go:27.75,29.2 1 1
github.com/Sal-maa/E-Commerce-Project/service/product_service.go:31.76,34.2 2 1
github.com/Sal-maa/E-Commerce-Project/service/product_service.go:36.90,39.2 2 1
github.com/Sal-maa/E-Commerce-Project/service/product_service.go:41.80,44.2 2 1
github.com/Sal-maa/E-Commerce-Project/service/product_service.go:46.113,48.16 2 1
github.com/Sal-maa/E-Commerce-Project/service/product_service.go:53.2,53.46 1 0
github.com/Sal-maa/E-Commerce-Project/service/product_service.go:57.2,66.27 9 0
github.com/Sal-maa/E-Commerce-Project/service/product_service.go:48.16,51.3 2 1
github.com/Sal-maa/E-Commerce-Project/service/product_service.go:53.46,55.3 1 0
github.com/Sal-maa/E-Commerce-Project/service/product_service.go:69.92,71.16 2 1
github.com/Sal-maa/E-Commerce-Project/service/product_service.go:75.2,75.38 1 0
github.com/Sal-maa/E-Commerce-Project/service/product_service.go:79.2,82.27 3 0
github.com/Sal-maa/E-Commerce-Project/service/product_service.go:71.16,73.3 1 1
github.com/Sal-maa/E-Commerce-Project/service/product_service.go:75.38,77.3 1 0
github.com/Sal-maa/E-Commerce-Project/service/product_service.go:85.113,99.2 12 1
github.com/Sal-maa/E-Commerce-Project/service/user_service.go:27.66,29.2 1 1
github.com/Sal-maa/E-Commerce-Project/service/user_service.go:31.95,34.2 2 1
github.com/Sal-maa/E-Commerce-Project/service/user_service.go:36.99,43.16 7 1
github.com/Sal-maa/E-Commerce-Project/service/user_service.go:46.2,51.24 5 1
github.com/Sal-maa/E-Commerce-Project/service/user_service.go:43.16,45.3 1 0
github.com/Sal-maa/E-Commerce-Project/service/user_service.go:54.78,56.16 2 1
github.com/Sal-maa/E-Commerce-Project/service/user_service.go:59.2,59.18 1 1
github.com/Sal-maa/E-Commerce-Project/service/user_service.go:56.16,58.3 1 1
github.com/Sal-maa/E-Commerce-Project/service/user_service.go:62.92,69.16 5 1
github.com/Sal-maa/E-Commerce-Project/service/user_service.go:73.2,73.18 1 0
github.com/Sal-maa/E-Commerce-Project/service/user_service.go:69.16,71.3 1 1
github.com/Sal-maa/E-Commerce-Project/service/user_service.go:76.70,79.2 2 1
github.com/Sal-maa/E-Commerce-Project/service/user_service.go:81.71,83.16 2 1
github.com/Sal-maa/E-Commerce-Project/service/user_service.go:87.2,87.18 1 1
github.com/Sal-maa/E-Commerce-Project/service/user_service.go:83.16,86.3 2 1
github.com/Sal-maa/E-Commerce-Project/service/user_service.go:90.70,92.16 2 1
github.com/Sal-maa/E-Commerce-Project/service/user_service.go:96.2,98.24 3 0
github.com/Sal-maa/E-Commerce-Project/service/user_service.go:92.16,94.3 1 1
github.com/Sal-maa/E-Commerce-Project/service/user_service.go:101.105,103.16 2 1
github.com/Sal-maa/E-Commerce-Project/service/user_service.go:108.2,115.16 7 1
github.com/Sal-maa/E-Commerce-Project/service/user_service.go:118.2,124.24 4 1
github.com/Sal-maa/E-Commerce-Project/service/user_service.go:103.16,105.3 1 1
github.com/Sal-maa/E-Commerce-Project/service/user_service.go:115.16,117.3 1 0
