mode: set
github.com/Sal-maa/E-Commerce-Project/service/order_service.go:18.69,20.2 1 1
github.com/Sal-maa/E-Commerce-Project/service/order_service.go:22.104,32.17 9 0
github.com/Sal-maa/E-Commerce-Project/service/order_service.go:35.2,40.17 6 0
github.com/Sal-maa/E-Commerce-Project/service/order_service.go:43.2,49.27 6 0
github.com/Sal-maa/E-Commerce-Project/service/order_service.go:32.17,34.3 1 0
github.com/Sal-maa/E-Commerce-Project/service/order_service.go:40.17,42.3 1 0
github.com/Sal-maa/E-Commerce-Project/service/product_service.go:27.75,29.2 1 1
github.com/Sal-maa/E-Commerce-Project/service/product_service.go:31.76,33.16 2 0
github.com/Sal-maa/E-Commerce-Project/service/product_service.go:36.2,36.22 1 0
github.com/Sal-maa/E-Commerce-Project/service/product_service.go:33.16,35.3 1 0
github.com/Sal-maa/E-Commerce-Project/service/product_service.go:39.90,41.16 2 0
github.com/Sal-maa/E-Commerce-Project/service/product_service.go:44.2,44.22 1 0
github.com/Sal-maa/E-Commerce-Project/service/product_service.go:41.16,43.3 1 0
github.com/Sal-maa/E-Commerce-Project/service/product_service.go:47.80,49.16 2 0
github.com/Sal-maa/E-Commerce-Project/service/product_service.go:52.2,52.21 1 0
github.com/Sal-maa/E-Commerce-Project/service/product_service.go:49.16,51.3 1 0
github.com/Sal-maa/E-Commerce-Project/service/product_service.go:55.113,57.16 2 0
github.com/Sal-maa/E-Commerce-Project/service/product_service.go:62.2,62.46 1 0
github.com/Sal-maa/E-Commerce-Project/service/product_service.go:68.2,77.27 9 0
github.com/Sal-maa/E-Commerce-Project/service/product_service.go:57.16,60.3 2 0
github.com/Sal-maa/E-Commerce-Project/service/product_service.go:62.46,66.3 3 0
github.com/Sal-maa/E-Commerce-Project/service/product_service.go:80.92,82.16 2 0
github.com/Sal-maa/E-Commerce-Project/service/product_service.go:86.2,86.38 1 0
github.com/Sal-maa/E-Commerce-Project/service/product_service.go:90.2,93.27 3 0
github.com/Sal-maa/E-Commerce-Project/service/product_service.go:82.16,84.3 1 0
github.com/Sal-maa/E-Commerce-Project/service/product_service.go:86.38,88.3 1 0
github.com/Sal-maa/E-Commerce-Project/service/product_service.go:96.113,110.2 12 0
github.com/Sal-maa/E-Commerce-Project/service/user_service.go:27.66,29.2 1 1
github.com/Sal-maa/E-Commerce-Project/service/user_service.go:31.95,34.2 2 1
github.com/Sal-maa/E-Commerce-Project/service/user_service.go:36.99,43.16 7 1
github.com/Sal-maa/E-Commerce-Project/service/user_service.go:46.2,51.24 5 1
github.com/Sal-maa/E-Commerce-Project/service/user_service.go:43.16,45.3 1 0
github.com/Sal-maa/E-Commerce-Project/service/user_service.go:54.78,56.16 2 1
github.com/Sal-maa/E-Commerce-Project/service/user_service.go:59.2,59.18 1 1
github.com/Sal-maa/E-Commerce-Project/service/user_service.go:56.16,58.3 1 1
github.com/Sal-maa/E-Commerce-Project/service/user_service.go:62.92,69.16 5 1
github.com/Sal-maa/E-Commerce-Project/service/user_service.go:73.2,73.18 1 0
github.com/Sal-maa/E-Commerce-Project/service/user_service.go:69.16,71.3 1 1
github.com/Sal-maa/E-Commerce-Project/service/user_service.go:76.70,79.2 2 1
github.com/Sal-maa/E-Commerce-Project/service/user_service.go:81.71,83.16 2 1
github.com/Sal-maa/E-Commerce-Project/service/user_service.go:87.2,87.18 1 1
github.com/Sal-maa/E-Commerce-Project/service/user_service.go:83.16,86.3 2 1
github.com/Sal-maa/E-Commerce-Project/service/user_service.go:90.70,92.16 2 1
github.com/Sal-maa/E-Commerce-Project/service/user_service.go:96.2,98.24 3 1
github.com/Sal-maa/E-Commerce-Project/service/user_service.go:92.16,94.3 1 1
github.com/Sal-maa/E-Commerce-Project/service/user_service.go:101.105,103.16 2 1
github.com/Sal-maa/E-Commerce-Project/service/user_service.go:108.2,115.16 7 1
github.com/Sal-maa/E-Commerce-Project/service/user_service.go:118.2,124.24 4 1
github.com/Sal-maa/E-Commerce-Project/service/user_service.go:103.16,105.3 1 1
github.com/Sal-maa/E-Commerce-Project/service/user_service.go:115.16,117.3 1 0
github.com/Sal-maa/E-Commerce-Project/service/cart_service.go:23.66,25.2 1 1
github.com/Sal-maa/E-Commerce-Project/service/cart_service.go:27.99,38.2 9 0
github.com/Sal-maa/E-Commerce-Project/service/cart_service.go:40.85,42.16 2 0
github.com/Sal-maa/E-Commerce-Project/service/cart_service.go:45.2,45.19 1 0
github.com/Sal-maa/E-Commerce-Project/service/cart_service.go:42.16,44.3 1 0
github.com/Sal-maa/E-Commerce-Project/service/cart_service.go:48.71,50.16 2 0
github.com/Sal-maa/E-Commerce-Project/service/cart_service.go:53.2,53.18 1 0
github.com/Sal-maa/E-Commerce-Project/service/cart_service.go:50.16,52.3 1 0
github.com/Sal-maa/E-Commerce-Project/service/cart_service.go:56.83,58.16 2 0
github.com/Sal-maa/E-Commerce-Project/service/cart_service.go:62.2,62.35 1 0
github.com/Sal-maa/E-Commerce-Project/service/cart_service.go:66.2,69.24 3 0
github.com/Sal-maa/E-Commerce-Project/service/cart_service.go:58.16,60.3 1 0
github.com/Sal-maa/E-Commerce-Project/service/cart_service.go:62.35,64.3 1 0
github.com/Sal-maa/E-Commerce-Project/service/cart_service.go:72.105,74.16 2 0
github.com/Sal-maa/E-Commerce-Project/service/cart_service.go:78.2,78.42 1 0
github.com/Sal-maa/E-Commerce-Project/service/cart_service.go:82.2,88.16 6 0
github.com/Sal-maa/E-Commerce-Project/service/cart_service.go:91.2,91.24 1 0
github.com/Sal-maa/E-Commerce-Project/service/cart_service.go:74.16,76.3 1 0
github.com/Sal-maa/E-Commerce-Project/service/cart_service.go:78.42,81.3 2 0
github.com/Sal-maa/E-Commerce-Project/service/cart_service.go:88.16,90.3 1 0
